<?xml version="1.0" encoding="UTF-8"?>
<testng-results skipped="0" failed="0" ignored="0" total="1" passed="1">
  <reporter-output>
  </reporter-output>
  <suite name="Default suite" duration-ms="5795" started-at="2018-03-14T01:34:22Z" finished-at="2018-03-14T01:34:28Z">
    <groups>
    </groups>
    <test name="Default test" duration-ms="5795" started-at="2018-03-14T01:34:22Z" finished-at="2018-03-14T01:34:28Z">
      <class name="com.ninjas.tests.TestUsingMaven">
        <test-method status="PASS" signature="test()[pri:0, instance:com.ninjas.tests.TestUsingMaven@3532ec19]" name="test" duration-ms="5775" started-at="2018-03-14T01:34:22Z" finished-at="2018-03-14T01:34:28Z">
          <reporter-output>
          </reporter-output>
        </test-method> <!-- test -->
      </class> <!-- com.ninjas.tests.TestUsingMaven -->
    </test> <!-- Default test -->
  </suite> <!-- Default suite -->
</testng-results>
